Starting weixin as ubuntu

/data/webapp/weixin/run/gunicorn.sock
/data/webapp/weixin/weixin
Starting weixin as ubuntu

/data/webapp/weixin/run/gunicorn.sock
/data/webapp/weixin/weixin
Starting weixin as ubuntu

/data/webapp/weixin/run/gunicorn.sock
/data/webapp/weixin/weixin
Starting weixin as ubuntu

/data/webapp/weixin/run/gunicorn.sock
/data/webapp/weixin/weixin
Starting weixin as ubuntu
weixin.wsgi
/data/webapp/weixin/run/gunicorn.sock
/data/webapp/weixin/weixin
Starting weixin as ubuntu
weixin.wsgi
/data/webapp/weixin/run/gunicorn.sock
/data/webapp/weixin/weixin
Starting weixin as ubuntu
weixin.wsgi
/data/webapp/weixin/run/gunicorn.sock
/data/webapp/weixin/weixin
Starting weixin as ubuntu
weixin.wsgi
/data/webapp/weixin/run/gunicorn.sock
/data/webapp/weixin/weixin
Starting weixin as ubuntu
weixin.wsgi
/data/webapp/weixin/run/gunicorn.sock
/data/webapp/weixin/weixin
Starting weixin as ubuntu
weixin.wsgi
/data/webapp/weixin/run/gunicorn.sock
/data/webapp/weixin/weixin
Starting weixin as ubuntu
weixin.wsgi
/data/webapp/weixin/run/gunicorn.sock
/data/webapp/weixin/weixin
Starting weixin as ubuntu
weixin.wsgi
/data/webapp/weixin/run/gunicorn.sock
/data/webapp/weixin/weixin
Starting weixin as ubuntu
weixin.wsgi
/data/webapp/weixin/run/gunicorn.sock
/data/webapp/weixin/weixin
Starting weixin as ubuntu
weixin.wsgi
/data/webapp/weixin/run/gunicorn.sock
/data/webapp/weixin/weixin
Starting weixin as ubuntu
weixin.wsgi
/data/webapp/weixin/run/gunicorn.sock
/data/webapp/weixin/weixin
Starting weixin as ubuntu
weixin.wsgi
/data/webapp/weixin/run/gunicorn.sock
/data/webapp/weixin/weixin
Starting weixin as ubuntu
weixin.wsgi
/data/webapp/weixin/run/gunicorn.sock
/data/webapp/weixin/weixin
Starting weixin as ubuntu
weixin.wsgi
/data/webapp/weixin/run/gunicorn.sock
/data/webapp/weixin/weixin
Starting weixin as ubuntu
weixin.wsgi
/data/webapp/weixin/run/gunicorn.sock
/data/webapp/weixin/weixin
Starting weixin as ubuntu
weixin.wsgi
/data/webapp/weixin/run/gunicorn.sock
/data/webapp/weixin/weixin
Starting weixin as ubuntu
weixin.wsgi
/data/webapp/weixin/run/gunicorn.sock
/data/webapp/weixin/weixin
Starting weixin as ubuntu
weixin.wsgi
/data/webapp/weixin/run/gunicorn.sock
/data/webapp/weixin/weixin
Starting weixin as ubuntu
weixin.wsgi
/data/webapp/weixin/run/gunicorn.sock
/data/webapp/weixin/weixin
Starting weixin as ubuntu
weixin.wsgi
/data/webapp/weixin/run/gunicorn.sock
/data/webapp/weixin/weixin
Starting weixin as ubuntu
weixin.wsgi
/data/webapp/weixin/run/gunicorn.sock
/data/webapp/weixin/weixin
Starting weixin as ubuntu
weixin.wsgi
/data/webapp/weixin/run/gunicorn.sock
/data/webapp/weixin/weixin
Starting weixin as ubuntu
weixin.wsgi
/data/webapp/weixin/run/gunicorn.sock
/data/webapp/weixin/weixin
Starting weixin as ubuntu
weixin.wsgi
/data/webapp/weixin/run/gunicorn.sock
/data/webapp/weixin/weixin
Starting weixin as ubuntu
weixin.wsgi
/data/webapp/weixin/run/gunicorn.sock
/data/webapp/weixin/weixin
Starting weixin as ubuntu
weixin.wsgi
/data/webapp/weixin/run/gunicorn.sock
/data/webapp/weixin/weixin
Starting weixin as ubuntu
weixin.wsgi
/data/webapp/weixin/run/gunicorn.sock
/data/webapp/weixin/weixin
Starting weixin as ubuntu
weixin.wsgi
/data/webapp/weixin/run/gunicorn.sock
/data/webapp/weixin/weixin
Starting weixin as ubuntu
weixin.wsgi
/data/webapp/weixin/run/gunicorn.sock
/data/webapp/weixin/weixin
Starting weixin as ubuntu
weixin.wsgi
/data/webapp/weixin/run/gunicorn.sock
/data/webapp/weixin/weixin
Starting weixin as ubuntu
weixin.wsgi
/data/webapp/weixin/run/gunicorn.sock
/data/webapp/weixin/weixin
Starting weixin as ubuntu
weixin.wsgi
/data/webapp/weixin/run/gunicorn.sock
/data/webapp/weixin/weixin
Starting weixin as ubuntu
weixin.wsgi
/data/webapp/weixin/run/gunicorn.sock
/data/webapp/weixin/weixin
Starting weixin as ubuntu
weixin.wsgi
/data/webapp/weixin/run/gunicorn.sock
/data/webapp/weixin/weixin
Starting weixin as ubuntu
weixin.wsgi
/data/webapp/weixin/run/gunicorn.sock
/data/webapp/weixin/weixin
Starting weixin as ubuntu
weixin.wsgi
/data/webapp/weixin/run/gunicorn.sock
/data/webapp/weixin/weixin
Starting weixin as ubuntu
weixin.wsgi
/data/webapp/weixin/run/gunicorn.sock
/data/webapp/weixin/weixin
Starting weixin as ubuntu
weixin.wsgi
/data/webapp/weixin/run/gunicorn.sock
/data/webapp/weixin/weixin
Starting weixin as ubuntu
weixin.wsgi
/data/webapp/weixin/run/gunicorn.sock
/data/webapp/weixin/weixin
Starting weixin as ubuntu
weixin.wsgi
/data/webapp/weixin/run/gunicorn.sock
/data/webapp/weixin/weixin
Starting weixin as ubuntu
weixin.wsgi
/data/webapp/weixin/run/gunicorn.sock
/data/webapp/weixin/weixin
Starting weixin as ubuntu
weixin.wsgi
/data/webapp/weixin/run/gunicorn.sock
/data/webapp/weixin/weixin
Starting weixin as ubuntu
weixin.wsgi
/data/webapp/weixin/run/gunicorn.sock
/data/webapp/weixin/weixin
Starting weixin as ubuntu
weixin.wsgi
/data/webapp/weixin/run/gunicorn.sock
/data/webapp/weixin/weixin
Starting weixin as ubuntu
weixin.wsgi
/data/webapp/weixin/run/gunicorn.sock
/data/webapp/weixin/weixin
Starting weixin as ubuntu
weixin.wsgi
/data/webapp/weixin/run/gunicorn.sock
/data/webapp/weixin/weixin
Starting weixin as ubuntu
weixin.wsgi
/data/webapp/weixin/run/gunicorn.sock
/data/webapp/weixin/weixin
Starting weixin as ubuntu
weixin.wsgi
/data/webapp/weixin/run/gunicorn.sock
/data/webapp/weixin/weixin
Starting weixin as ubuntu
weixin.wsgi
/data/webapp/weixin/run/gunicorn.sock
/data/webapp/weixin/weixin
Starting weixin as ubuntu
weixin.wsgi
/data/webapp/weixin/run/gunicorn.sock
/data/webapp/weixin/weixin
Starting weixin as ubuntu
weixin.wsgi
/data/webapp/weixin/run/gunicorn.sock
/data/webapp/weixin/weixin
Starting weixin as ubuntu
weixin.wsgi
/data/webapp/weixin/run/gunicorn.sock
/data/webapp/weixin/weixin
Starting weixin as ubuntu
weixin.wsgi
/data/webapp/weixin/run/gunicorn.sock
/data/webapp/weixin/weixin
Starting weixin as ubuntu
weixin.wsgi
/data/webapp/weixin/run/gunicorn.sock
/data/webapp/weixin/weixin
Starting weixin as ubuntu
weixin.wsgi
/data/webapp/weixin/run/gunicorn.sock
/data/webapp/weixin/weixin
Starting weixin as ubuntu
weixin.wsgi
/data/webapp/weixin/run/gunicorn.sock
/data/webapp/weixin/weixin
Starting weixin as ubuntu
weixin.wsgi
/data/webapp/weixin/run/gunicorn.sock
/data/webapp/weixin/weixin
Starting weixin as ubuntu
weixin.wsgi
/data/webapp/weixin/run/gunicorn.sock
/data/webapp/weixin/weixin
Starting weixin as ubuntu
weixin.wsgi
/data/webapp/weixin/run/gunicorn.sock
/data/webapp/weixin/weixin
Starting weixin as ubuntu
weixin.wsgi
/data/webapp/weixin/run/gunicorn.sock
/data/webapp/weixin/weixin
Starting weixin as ubuntu
weixin.wsgi
/data/webapp/weixin/run/gunicorn.sock
/data/webapp/weixin/weixin
Starting weixin as ubuntu
weixin.wsgi
/data/webapp/weixin/run/gunicorn.sock
/data/webapp/weixin/weixin
Starting weixin as ubuntu
weixin.wsgi
/data/webapp/weixin/run/gunicorn.sock
/data/webapp/weixin/weixin
Starting weixin as ubuntu
weixin.wsgi
/data/webapp/weixin/run/gunicorn.sock
/data/webapp/weixin/weixin
Starting weixin as ubuntu
weixin.wsgi
/data/webapp/weixin/run/gunicorn.sock
/data/webapp/weixin/weixin
Starting weixin as ubuntu
weixin.wsgi
/data/webapp/weixin/run/gunicorn.sock
/data/webapp/weixin/weixin
Starting weixin as ubuntu
weixin.wsgi
/data/webapp/weixin/run/gunicorn.sock
/data/webapp/weixin/weixin
Starting weixin as ubuntu
weixin.wsgi
/data/webapp/weixin/run/gunicorn.sock
/data/webapp/weixin/weixin
Starting weixin as ubuntu
weixin.wsgi
/data/webapp/weixin/run/gunicorn.sock
/data/webapp/weixin/weixin
Starting weixin as ubuntu
weixin.wsgi
/data/webapp/weixin/run/gunicorn.sock
/data/webapp/weixin/weixin
Starting weixin as ubuntu
weixin.wsgi
/data/webapp/weixin/run/gunicorn.sock
/data/webapp/weixin/weixin
Starting weixin as ubuntu
weixin.wsgi
/data/webapp/weixin/run/gunicorn.sock
/data/webapp/weixin/weixin
Starting weixin as ubuntu
weixin.wsgi
/data/webapp/weixin/run/gunicorn.sock
/data/webapp/weixin/weixin
Starting weixin as ubuntu
weixin.wsgi
/data/webapp/weixin/run/gunicorn.sock
/data/webapp/weixin/weixin
Starting weixin as ubuntu
weixin.wsgi
/data/webapp/weixin/run/gunicorn.sock
/data/webapp/weixin/weixin
Starting weixin as ubuntu
weixin.wsgi
/data/webapp/weixin/run/gunicorn.sock
/data/webapp/weixin/weixin
Starting weixin as ubuntu
weixin.wsgi
/data/webapp/weixin/run/gunicorn.sock
/data/webapp/weixin/weixin
Starting weixin as ubuntu
weixin.wsgi
/data/webapp/weixin/run/gunicorn.sock
/data/webapp/weixin/weixin
Starting weixin as ubuntu
weixin.wsgi
/data/webapp/weixin/run/gunicorn.sock
/data/webapp/weixin/weixin
Starting weixin as ubuntu
weixin.wsgi
/data/webapp/weixin/run/gunicorn.sock
/data/webapp/weixin/weixin
Starting weixin as ubuntu
weixin.wsgi
/data/webapp/weixin/run/gunicorn.sock
/data/webapp/weixin/weixin
Starting weixin as ubuntu
weixin.wsgi
/data/webapp/weixin/run/gunicorn.sock
/data/webapp/weixin/weixin
Starting weixin as ubuntu
weixin.wsgi
/data/webapp/weixin/run/gunicorn.sock
/data/webapp/weixin/weixin
Starting weixin as ubuntu
weixin.wsgi
/data/webapp/weixin/run/gunicorn.sock
/data/webapp/weixin/weixin
Starting weixin as ubuntu
weixin.wsgi
/data/webapp/weixin/run/gunicorn.sock
/data/webapp/weixin/weixin
Starting weixin as ubuntu
weixin.wsgi
/data/webapp/weixin/run/gunicorn.sock
/data/webapp/weixin/weixin
Starting weixin as ubuntu
weixin.wsgi
/data/webapp/weixin/run/gunicorn.sock
/data/webapp/weixin/weixin
Starting weixin as ubuntu
weixin.wsgi
/data/webapp/weixin/run/gunicorn.sock
/data/webapp/weixin/weixin
Starting weixin as ubuntu
weixin.wsgi
/data/webapp/weixin/run/gunicorn.sock
/data/webapp/weixin/weixin
Starting weixin as ubuntu
weixin.wsgi
/data/webapp/weixin/run/gunicorn.sock
/data/webapp/weixin/weixin
Starting weixin as ubuntu
weixin.wsgi
/data/webapp/weixin/run/gunicorn.sock
/data/webapp/weixin/weixin
Starting weixin as ubuntu
weixin.wsgi
/data/webapp/weixin/run/gunicorn.sock
/data/webapp/weixin/weixin
Starting weixin as ubuntu
weixin.wsgi
/data/webapp/weixin/run/gunicorn.sock
/data/webapp/weixin/weixin
Starting weixin as ubuntu
weixin.wsgi
/data/webapp/weixin/run/gunicorn.sock
/data/webapp/weixin/weixin
Starting weixin as ubuntu
weixin.wsgi
/data/webapp/weixin/run/gunicorn.sock
/data/webapp/weixin/weixin
Starting weixin as ubuntu
weixin.wsgi
/data/webapp/weixin/run/gunicorn.sock
/data/webapp/weixin/weixin
Starting weixin as ubuntu
weixin.wsgi
/data/webapp/weixin/run/gunicorn.sock
/data/webapp/weixin/weixin
Starting weixin as ubuntu
weixin.wsgi
/data/webapp/weixin/run/gunicorn.sock
/data/webapp/weixin/weixin
Starting weixin as ubuntu
weixin.wsgi
/data/webapp/weixin/run/gunicorn.sock
/data/webapp/weixin/weixin
Starting weixin as ubuntu
weixin.wsgi
/data/webapp/weixin/run/gunicorn.sock
/data/webapp/weixin/weixin
Starting weixin as ubuntu
weixin.wsgi
/data/webapp/weixin/run/gunicorn.sock
/data/webapp/weixin/weixin
Starting weixin as ubuntu
weixin.wsgi
/data/webapp/weixin/run/gunicorn.sock
/data/webapp/weixin/weixin
Starting weixin as ubuntu
weixin.wsgi
/data/webapp/weixin/run/gunicorn.sock
/data/webapp/weixin/weixin
Starting weixin as ubuntu
weixin.wsgi
/data/webapp/weixin/run/gunicorn.sock
/data/webapp/weixin/weixin
Starting weixin as ubuntu
weixin.wsgi
/data/webapp/weixin/run/gunicorn.sock
/data/webapp/weixin/weixin
Starting weixin as ubuntu
weixin.wsgi
/data/webapp/weixin/run/gunicorn.sock
/data/webapp/weixin/weixin
Starting weixin as ubuntu
weixin.wsgi
/data/webapp/weixin/run/gunicorn.sock
/data/webapp/weixin/weixin
Starting weixin as ubuntu
weixin.wsgi
/data/webapp/weixin/run/gunicorn.sock
/data/webapp/weixin/weixin
Starting weixin as ubuntu
weixin.wsgi
/data/webapp/weixin/run/gunicorn.sock
/data/webapp/weixin/weixin
Starting weixin as ubuntu
weixin.wsgi
/data/webapp/weixin/run/gunicorn.sock
/data/webapp/weixin/weixin
Starting weixin as ubuntu
weixin.wsgi
/data/webapp/weixin/run/gunicorn.sock
/data/webapp/weixin/weixin
Starting weixin as ubuntu
weixin.wsgi
/data/webapp/weixin/run/gunicorn.sock
/data/webapp/weixin/weixin
Starting weixin as ubuntu
weixin.wsgi
/data/webapp/weixin/run/gunicorn.sock
/data/webapp/weixin/weixin
Starting weixin as ubuntu
weixin.wsgi
/data/webapp/weixin/run/gunicorn.sock
/data/webapp/weixin/weixin
Starting weixin as ubuntu
weixin.wsgi
/data/webapp/weixin/run/gunicorn.sock
/data/webapp/weixin/weixin
Starting weixin as ubuntu
weixin.wsgi
/data/webapp/weixin/run/gunicorn.sock
/data/webapp/weixin/weixin
Starting weixin as ubuntu
weixin.wsgi
/data/webapp/weixin/run/gunicorn.sock
/data/webapp/weixin/weixin
Starting weixin as ubuntu
weixin.wsgi
/data/webapp/weixin/run/gunicorn.sock
/data/webapp/weixin/weixin
Starting weixin as ubuntu
weixin.wsgi
/data/webapp/weixin/run/gunicorn.sock
/data/webapp/weixin/weixin
Starting weixin as ubuntu
weixin.wsgi
/data/webapp/weixin/run/gunicorn.sock
/data/webapp/weixin/weixin
Starting weixin as ubuntu
weixin.wsgi
/data/webapp/weixin/run/gunicorn.sock
/data/webapp/weixin/weixin
Starting weixin as ubuntu
weixin.wsgi
/data/webapp/weixin/run/gunicorn.sock
/data/webapp/weixin/weixin
Starting weixin as ubuntu
weixin.wsgi
/data/webapp/weixin/run/gunicorn.sock
/data/webapp/weixin/weixin
Starting weixin as ubuntu
weixin.wsgi
/data/webapp/weixin/run/gunicorn.sock
/data/webapp/weixin/weixin
Starting weixin as ubuntu
weixin.wsgi
/data/webapp/weixin/run/gunicorn.sock
/data/webapp/weixin/weixin
Starting weixin as ubuntu
weixin.wsgi
/data/webapp/weixin/run/gunicorn.sock
/data/webapp/weixin/weixin
Starting weixin as ubuntu
weixin.wsgi
/data/webapp/weixin/run/gunicorn.sock
/data/webapp/weixin/weixin
Starting weixin as ubuntu
weixin.wsgi
/data/webapp/weixin/run/gunicorn.sock
/data/webapp/weixin/weixin
Starting weixin as ubuntu
weixin.wsgi
/data/webapp/weixin/run/gunicorn.sock
/data/webapp/weixin/weixin
Starting weixin as weixin
weixin.wsgi
/data/webapp/weixin/run/gunicorn.sock
/data/webapp/weixin/weixin
Starting weixin as weixin
weixin.wsgi
/data/webapp/weixin/run/gunicorn.sock
/data/webapp/weixin/weixin
{u'text': u'\u597d\u5427', u'code': 100000}
{u'text': u'\u77e5\u8bc6\u4ea7\u6743', u'code': 100000}
{u'text': u'\u884c', u'code': 100000}
{u'text': u'\u8fd9\u4e2a\u6211\u8fd8\u4e0d\u592a\u61c2\uff0c\u54b1\u4eec\u804a\u70b9\u522b\u7684\u5427\uff01', u'code': 100000}
Starting weixin as weixin
weixin.wsgi
/data/webapp/weixin/run/gunicorn.sock
/data/webapp/weixin/weixin
Starting weixin as weixin
weixin.wsgi
/data/webapp/weixin/run/gunicorn.sock
/data/webapp/weixin/weixin
Starting weixin as weixin
weixin.wsgi
/data/webapp/weixin/run/gunicorn.sock
/data/webapp/weixin/weixin
Starting weixin as weixin
weixin.wsgi
/data/webapp/weixin/run/gunicorn.sock
/data/webapp/weixin/weixin
Starting weixin as weixin
weixin.wsgi
/data/webapp/weixin/run/gunicorn.sock
/data/webapp/weixin/weixin
Starting weixin as weixin
weixin.wsgi
/data/webapp/weixin/run/gunicorn.sock
/data/webapp/weixin/weixin
{u'text': u'2016\u5e7409\u670819\u65e5 \u661f\u671f\u4e00 \u51cc\u6668 0:38', u'code': 100000}
{u'text': u'\u4f60\u7ed9\u6211\u5531\u9996\u90fd\u884c\u4e86\u5457', u'code': 100000}
{u'text': u'\u4f60\u7ed9\u6211\u5531\u9996\u90fd\u884c\u4e86\u5457', u'code': 100000}
Starting weixin as weixin
weixin.wsgi
/data/webapp/weixin/run/gunicorn.sock
/data/webapp/weixin/weixin
Starting weixin as weixin
weixin.wsgi
/data/webapp/weixin/run/gunicorn.sock
/data/webapp/weixin/weixin
Starting weixin as weixin
weixin.wsgi
/data/webapp/weixin/run/gunicorn.sock
/data/webapp/weixin/weixin
Starting weixin as weixin
weixin.wsgi
/data/webapp/weixin/run/gunicorn.sock
/data/webapp/weixin/weixin
Starting weixin as weixin
weixin.wsgi
/data/webapp/weixin/run/gunicorn.sock
/data/webapp/weixin/weixin
Starting weixin as weixin
weixin.wsgi
/data/webapp/weixin/run/gunicorn.sock
/data/webapp/weixin/weixin
Starting weixin as weixin
weixin.wsgi
/data/webapp/weixin/run/gunicorn.sock
/data/webapp/weixin/weixin
Starting weixin as weixin
weixin.wsgi
/data/webapp/weixin/run/gunicorn.sock
/data/webapp/weixin/weixin
Starting weixin as weixin
weixin.wsgi
/data/webapp/weixin/run/gunicorn.sock
/data/webapp/weixin/weixin
Starting weixin as weixin
weixin.wsgi
/data/webapp/weixin/run/gunicorn.sock
/data/webapp/weixin/weixin
Starting weixin as weixin
weixin.wsgi
/data/webapp/weixin/run/gunicorn.sock
/data/webapp/weixin/weixin
{u'text': u'\u4f60\u597d', u'code': 100000}
Starting weixin as weixin
weixin.wsgi
/data/webapp/weixin/run/gunicorn.sock
/data/webapp/weixin/weixin
{u'text': u'\u7591\u662f\u5730\u4e0a\u971c', u'code': 100000}
{u'text': u'\u5c31\u56e0\u4e3a\u4f60\u662f\u5973\u751f\u6240\u4ee5\u624d\u8ba9\u4f60\u8003\u8651', u'code': 100000}
{u'text': u'\u7537\u751f\u65e0\u6240\u8c13\u554a\u53cd\u6b63\u7cfb\u7edf\u5339\u914d\u5230\u7684\u591a\u6570\u4e5f\u662f\u7537\u751f', u'code': 100000}
{u'text': u'\u53eb\u8868\u597d\u542c\u70b9', u'code': 100000}
{u'text': u'\u6211\u7535\u8111\u4e0b\u8f7d\u90fd\u662f\u4ec0\u4e48\u6d4f\u89c8\u5668\u3002\u4e0b\u4e0d\u4e86\u554a\uff01\u90c1\u95f7', u'code': 100000}
{u'text': u'\u6211\u662f\u56fe\u7075\u673a\u5668\u4eba\uff0c\u68d2\u68d2\u54d2\u56fe\u7075\u673a\u5668\u4eba', u'code': 100000}
{u'text': u'\u8425\u517b\u4e0d\u826f\u5427\uff0c\u53c8\u4fbf\u79d8\u4e86', u'code': 100000}
{u'text': u'\u54c8\u54c8\uff0c\u8fd9\u4e2a\u95ee\u9898\u95ee\u5f97\u597d\uff0c\u5c31\u662f\u5c31\u56e0\u4e3a\u4f60\u662f\u5973\u751f\u6240\u4ee5\u624d\u8ba9\u4f60\u8003\u8651\uff0c\u6ca1\u6709\u4e3a\u4ec0\u4e48', u'code': 100000}
{u'text': u'\u673a\u5668\u4eba\u7684\u4e00\u79cd\uff0c\u800c\u4e14\u5f88\u9ad8\u5f88\u5927\u5f88\u4e0a', u'code': 100000}
{u'text': u'\u55e8', u'code': 100000}
{u'text': u'\u544a\u8bc9\u544a\u8bc9\u6211\u5457', u'code': 100000}
{u'text': u'\u4f60\u597d', u'code': 100000}
{u'text': u'\u5b9d\u5854\u9707\u6cb3\u5996\u3002\u8fd9\u5bf9\u6211\u6765\u8bf4\u662f\u5f88\u7b80\u5355\u7684\u54e6', u'code': 100000}
{u'text': u'\u65e2\u7136\u4f60\u5df2\u8fd9\u6837,\u90a3\u6211\u53ea\u597d\u653e\u5f03\u4f60\u4e86', u'code': 100000}
{u'text': u'\u5594\u3002\u4f60\u662f\u7537\u751f\u8fd8\u662f\u5973\u751f\u5462?', u'code': 100000}
{u'text': u'\u7537\u751f\u554a\u56fe\u7075\u673a\u5668\u4eba\u77e5\u9053\u5566', u'code': 100000}
{u'text': u'\u53d4\u53d4\u597d', u'code': 100000}
{u'text': u'\u56fe\u7075\u662f\u4e00\u4e2a\u4f1f\u5927\u79d1\u5b66\u5bb6\u7684\u540d\u5b57\uff0c\u4ed6\u73b0\u5728\u662f\u8ba1\u7b97\u673a\u5b66\u79d1\u7684\u6700\u9ad8\u5956\u2026\u2026', u'code': 100000}
{u'text': u'\u54c8\u54c8\u3002\u4f60\u53eb\u4ec0\u4e48\u540d\u5b57\u5440?', u'code': 100000}
{u'text': u'\u4f60\u4e0d\u8bf4\u6211\u5c31\u4e0d\u77e5\u9053\u5417', u'code': 100000}
Starting weixin as weixin
weixin.wsgi
/data/webapp/weixin/run/gunicorn.sock
/data/webapp/weixin/weixin
{u'text': u'\u76f8\u89c6\u4e00\u7b11\u51fb\u638c\u5bf9\u722a', u'code': 100000}
{u'text': u'\u7cdf\u7ce0\u4e4b\u59bb', u'code': 100000}
{u'text': u'\u6211\u662f\u68d2\u68d2\u54d2\u56fe\u7075\u673a\u5668\u4eba', u'code': 100000}
{u'text': u'\u662f\u6211\u5417', u'code': 100000}
{u'text': u'\u4f60\u597d', u'code': 100000}
{u'text': u'\u6ca1\u6709', u'code': 100000}
{u'text': u'\u4e00\u53d1\u4ec0\u4e48\u5462\uff1f\u5b9d\u5b9d\u542c\u4e0d\u61c2', u'code': 100000}
{u'text': u'\u76f8\u89c6\u4e00\u7b11\u51fb\u638c\u5bf9\u722a', u'code': 100000}
{u'text': u'\u53cd\u6b63\u7cdf\u7ce0\u4e4b\u59bb,\u6ca1\u6709\u4ec0\u4e48\u7406\u7531\u7684\u3002', u'code': 100000}
{u'text': u'\u673a\u5668\u4eba\u4e00\u76f4\u5728\u5b66\u4e60\u4e2d\u3002\u4e0d\u5982\u95ee\u6211\uff0c\u201c\u56fe\u7075\u673a\u5668\u4eba\u7684\u767e\u79d1\u201d\u8bd5\u4e00\u4e0b\u5427', u'code': 100000}
{u'text': u'\u6211\u7684\u5b58\u5728\uff0c\u5c31\u662f\u4e3a\u4e86\u4f60\u80fd\u5f00\u6000\u5927\u7b11\u554a\u3002\u77a7\u4f60\u5fc3\u60c5\u6062\u590d\u5f97\u8fd8\u4e0d\u9519\u5427\uff1f', u'code': 100000}
{u'url': u'http://m.image.so.com/i?q=%E9%BB%84%E5%9B%BE', u'text': u'\u4eb2\uff0c\u5df2\u5e2e\u4f60\u627e\u5230\u56fe\u7247', u'code': 200000}
{u'text': u'\u4f60\u597d', u'code': 100000}
{u'text': u'\u6211\u6765\u81ea\u9065\u8fdc\u7684\u4e1c\u65b9', u'code': 100000}
{u'text': u'\u96c4\u5e1d\u54e5\u54e5~\u6bd4\u7b28\u86cb\u806a\u660e', u'code': 100000}
{u'text': u'\u90a3\u795e\u7801\u53ef\u4ee5\u4f20\u8f93\u5462', u'code': 100000}
{u'text': u'\u96c4\u5e1d~\u8001\u5b50\uff0c\u53c8\u79f0\u8001\u8043\u3001\u674e\u8033\uff0c\u6625\u79cb\u65f6\u671f\u695a\u56fd\u82e6\u53bf\u5389\u4e61\u66f2\u4ec1\u91cc\u4eba\uff0c\u662f\u6211\u56fd\u53e4\u4ee3\u4f1f\u5927\u7684\u54f2\u5b66\u5bb6\u548c\u601d\u60f3\u5bb6\uff0c\u9053\u5bb6\u5b66\u6d3e\u521b\u59cb\u4eba\u3002', u'code': 100000}
Starting weixin as weixin
weixin.wsgi
/data/webapp/weixin/run/gunicorn.sock
/data/webapp/weixin/weixin
Starting weixin as weixin
weixin.wsgi
/data/webapp/weixin/run/gunicorn.sock
/data/webapp/weixin/weixin
{u'text': u'Hg', u'code': 100000}
{u'text': u'hbg', u'code': 100000}
{u'text': u'\u5417?', u'code': 100000}
Starting weixin as weixin
weixin.wsgi
/data/webapp/weixin/run/gunicorn.sock
/data/webapp/weixin/weixin
{u'text': u'\u4f60\u597d', u'code': 100000}
{u'text': u'\u4e0a\u6d77:9\u670824\u53f7 \u5468\u516d,22-28\xb0 28\xb0 \u591a\u4e91 \u4e1c\u98ce\u5fae\u98ce;9\u670825\u53f7 \u5468\u65e5,24-29\xb0 \u591a\u4e91 \u4e1c\u98ce\u5fae\u98ce;9\u670826\u53f7 \u5468\u4e00,24-29\xb0 \u591a\u4e91 \u4e1c\u98ce\u5fae\u98ce;9\u670827\u53f7 \u5468\u4e8c,24-30\xb0 \u5c0f\u96e8 \u4e1c\u5317\u98ce\u5fae\u98ce;', u'code': 100000}
{u'text': u'\u966a\u4f34\u662f\u6700\u957f\u60c5\u7684\u544a\u767d', u'code': 100000}
{u'text': u'hbg', u'code': 100000}
{u'text': u'\u6211\u662f\u68d2\u68d2\u54d2\u56fe\u7075\u673a\u5668\u4eba', u'code': 100000}
{u'text': u'\u6d66\u4e1c:9\u670824\u53f7 \u5468\u516d,21-30\xb0 29\xb0 \u591a\u4e91 \u4e1c\u98ce\u5fae\u98ce;9\u670825\u53f7 \u5468\u65e5,22-30\xb0 \u591a\u4e91 \u4e1c\u98ce\u5fae\u98ce;9\u670826\u53f7 \u5468\u4e00,23-31\xb0 \u591a\u4e91 \u4e1c\u98ce\u5fae\u98ce;9\u670827\u53f7 \u5468\u4e8c,23-29\xb0 \u9634 \u4e1c\u98ce3-4\u7ea7;', u'code': 100000}
{u'text': u'\u516c\u5171', u'code': 100000}
{u'text': u'\u9b54\u5e7b\u4e4b\u90fd', u'code': 100000}
{u'url': u'http://m.image.so.com/i?q=%E9%BB%84%E5%9B%BE', u'text': u'\u4eb2\uff0c\u5df2\u5e2e\u4f60\u627e\u5230\u56fe\u7247', u'code': 200000}
Starting weixin as weixin
weixin.wsgi
/data/webapp/weixin/run/gunicorn.sock
/data/webapp/weixin/weixin
Starting weixin as weixin
weixin.wsgi
/data/webapp/weixin/run/gunicorn.sock
/data/webapp/weixin/weixin
